The system is: Windows - 10.0.19045 - AMD64
Compiling the C compiler identification source file "CMakeCCompilerId.c" succeeded.
Compiler: C:/mingw64/bin/gcc.exe 
Build flags: 
Id flags:  

The output was:
0


Compilation of the C compiler identification source "CMakeCCompilerId.c" produced "a.exe"

The C compiler identification is GNU, found in "C:/Users/12001732/Documents/cprogrameren1/aoc2023/cmake-build-debug/CMakeFiles/3.21.1/CompilerIdC/a.exe"

Compiling the CXX compiler identification source file "CMakeCXXCompilerId.cpp" succeeded.
Compiler: C:/mingw64/bin/c++.exe 
Build flags: 
Id flags:  

The output was:
0


Compilation of the CXX compiler identification source "CMakeCXXCompilerId.cpp" produced "a.exe"

The CXX compiler identification is GNU, found in "C:/Users/12001732/Documents/cprogrameren1/aoc2023/cmake-build-debug/CMakeFiles/3.21.1/CompilerIdCXX/a.exe"

Determining if the C compiler works passed with the following output:
Change Dir: C:/Users/12001732/Documents/cprogrameren1/aoc2023/cmake-build-debug/CMakeFiles/CMakeTmp

Run Build Command(s):C:/Program Files/JetBrains/CLion 2021.1.1/bin/ninja/win/ninja.exe cmTC_eb21f && [1/2] Building C object CMakeFiles/cmTC_eb21f.dir/testCCompiler.c.obj
[2/2] Linking C executable cmTC_eb21f.exe



Determining if the CXX compiler works passed with the following output:
Change Dir: C:/Users/12001732/Documents/cprogrameren1/aoc2023/cmake-build-debug/CMakeFiles/CMakeTmp

Run Build Command(s):C:/Program Files/JetBrains/CLion 2021.1.1/bin/ninja/win/ninja.exe cmTC_fcf6c && [1/2] Building CXX object CMakeFiles/cmTC_fcf6c.dir/testCXXCompiler.cxx.obj
[2/2] Linking CXX executable cmTC_fcf6c.exe



